# JRE version: Java(TM) SE Runtime Environment (8.0_251-b08) (build 1.8.0_251-b08)
# Java VM: Java HotSpot(TM) 64-Bit Server VM (25.251-b08 mixed mode windows-amd64 compressed oops)
Heap:
 PSYoungGen      total 322048K, used 137257K [0x00000000e0780000, 0x00000000f5100000, 0x0000000100000000)
  eden space 307712K, 44% used [0x00000000e0780000,0x00000000e8d8a6f8,0x00000000f3400000)
  from space 14336K, 0% used [0x00000000f4300000,0x00000000f4300000,0x00000000f5100000)
  to   space 14848K, 0% used [0x00000000f3400000,0x00000000f3400000,0x00000000f4280000)
 ParOldGen       total 82944K, used 21041K [0x00000000a1600000, 0x00000000a6700000, 0x00000000e0780000)
  object space 82944K, 25% used [0x00000000a1600000,0x00000000a2a8c7d8,0x00000000a6700000)
 Metaspace       used 63670K, capacity 67434K, committed 67672K, reserved 1107968K
  class space    used 8369K, capacity 9007K, committed 9088K, reserved 1048576K
GC Heap History (10 events):
Event: 79.590 GC heap before
{Heap before GC invocations=16 (full 4):
 PSYoungGen      total 316928K, used 6426K [0x00000000e0780000, 0x00000000f5400000, 0x0000000100000000)
  eden space 300032K, 0% used [0x00000000e0780000,0x00000000e0780000,0x00000000f2c80000)
  from space 16896K, 38% used [0x00000000f3c80000,0x00000000f42c6b78,0x00000000f4d00000)
  to   space 16384K, 0% used [0x00000000f2c80000,0x00000000f2c80000,0x00000000f3c80000)
 ParOldGen       total 82944K, used 21925K [0x00000000a1600000, 0x00000000a6700000, 0x00000000e0780000)
  object space 82944K, 26% used [0x00000000a1600000,0x00000000a2b694f8,0x00000000a6700000)
 Metaspace       used 60236K, capacity 63394K, committed 63576K, reserved 1103872K
  class space    used 8191K, capacity 8728K, committed 8832K, reserved 1048576K
Event: 79.955 GC heap after
Heap after GC invocations=16 (full 4):
 PSYoungGen      total 316928K, used 0K [0x00000000e0780000, 0x00000000f5400000, 0x0000000100000000)
  eden space 300032K, 0% used [0x00000000e0780000,0x00000000e0780000,0x00000000f2c80000)
  from space 16896K, 0% used [0x00000000f3c80000,0x00000000f3c80000,0x00000000f4d00000)
  to   space 16384K, 0% used [0x00000000f2c80000,0x00000000f2c80000,0x00000000f3c80000)
 ParOldGen       total 82944K, used 23510K [0x00000000a1600000, 0x00000000a6700000, 0x00000000e0780000)
  object space 82944K, 28% used [0x00000000a1600000,0x00000000a2cf5920,0x00000000a6700000)
 Metaspace       used 60236K, capacity 63394K, committed 63576K, reserved 1103872K
  class space    used 8191K, capacity 8728K, committed 8832K, reserved 1048576K
}
Event: 916.720 GC heap before
{Heap before GC invocations=17 (full 4):
 PSYoungGen      total 316928K, used 209213K [0x00000000e0780000, 0x00000000f5400000, 0x0000000100000000)
  eden space 300032K, 69% used [0x00000000e0780000,0x00000000ed3cf500,0x00000000f2c80000)
  from space 16896K, 0% used [0x00000000f3c80000,0x00000000f3c80000,0x00000000f4d00000)
  to   space 16384K, 0% used [0x00000000f2c80000,0x00000000f2c80000,0x00000000f3c80000)
 ParOldGen       total 82944K, used 23510K [0x00000000a1600000, 0x00000000a6700000, 0x00000000e0780000)
  object space 82944K, 28% used [0x00000000a1600000,0x00000000a2cf5920,0x00000000a6700000)
 Metaspace       used 62244K, capacity 65682K, committed 65752K, reserved 1105920K
  class space    used 8316K, capacity 8901K, committed 8960K, reserved 1048576K
Event: 916.732 GC heap after
Heap after GC invocations=17 (full 4):
 PSYoungGen      total 316416K, used 6495K [0x00000000e0780000, 0x00000000f5200000, 0x0000000100000000)
  eden space 300032K, 0% used [0x00000000e0780000,0x00000000e0780000,0x00000000f2c80000)
  from space 16384K, 39% used [0x00000000f2c80000,0x00000000f32d7c20,0x00000000f3c80000)
  to   space 15360K, 0% used [0x00000000f4300000,0x00000000f4300000,0x00000000f5200000)
 ParOldGen       total 82944K, used 23518K [0x00000000a1600000, 0x00000000a6700000, 0x00000000e0780000)
  object space 82944K, 28% used [0x00000000a1600000,0x00000000a2cf7920,0x00000000a6700000)
 Metaspace       used 62244K, capacity 65682K, committed 65752K, reserved 1105920K
  class space    used 8316K, capacity 8901K, committed 8960K, reserved 1048576K
}
Event: 916.732 GC heap before
{Heap before GC invocations=18 (full 5):
 PSYoungGen      total 316416K, used 6495K [0x00000000e0780000, 0x00000000f5200000, 0x0000000100000000)
  eden space 300032K, 0% used [0x00000000e0780000,0x00000000e0780000,0x00000000f2c80000)
  from space 16384K, 39% used [0x00000000f2c80000,0x00000000f32d7c20,0x00000000f3c80000)
  to   space 15360K, 0% used [0x00000000f4300000,0x00000000f4300000,0x00000000f5200000)
 ParOldGen       total 82944K, used 23518K [0x00000000a1600000, 0x00000000a6700000, 0x00000000e0780000)
  object space 82944K, 28% used [0x00000000a1600000,0x00000000a2cf7920,0x00000000a6700000)
 Metaspace       used 62244K, capacity 65682K, committed 65752K, reserved 1105920K
  class space    used 8316K, capacity 8901K, committed 8960K, reserved 1048576K
Event: 916.973 GC heap after
Heap after GC invocations=18 (full 5):
 PSYoungGen      total 316416K, used 0K [0x00000000e0780000, 0x00000000f5200000, 0x0000000100000000)
  eden space 300032K, 0% used [0x00000000e0780000,0x00000000e0780000,0x00000000f2c80000)
  from space 16384K, 0% used [0x00000000f2c80000,0x00000000f2c80000,0x00000000f3c80000)
  to   space 15360K, 0% used [0x00000000f4300000,0x00000000f4300000,0x00000000f5200000)
 ParOldGen       total 82944K, used 22315K [0x00000000a1600000, 0x00000000a6700000, 0x00000000e0780000)
  object space 82944K, 26% used [0x00000000a1600000,0x00000000a2bcafd8,0x00000000a6700000)
 Metaspace       used 62240K, capacity 65676K, committed 65752K, reserved 1105920K
  class space    used 8316K, capacity 8900K, committed 8960K, reserved 1048576K
}
Event: 2036.889 GC heap before
{Heap before GC invocations=19 (full 5):
 PSYoungGen      total 316416K, used 236712K [0x00000000e0780000, 0x00000000f5200000, 0x0000000100000000)
  eden space 300032K, 78% used [0x00000000e0780000,0x00000000eeeaa220,0x00000000f2c80000)
  from space 16384K, 0% used [0x00000000f2c80000,0x00000000f2c80000,0x00000000f3c80000)
  to   space 15360K, 0% used [0x00000000f4300000,0x00000000f4300000,0x00000000f5200000)
 ParOldGen       total 82944K, used 22315K [0x00000000a1600000, 0x00000000a6700000, 0x00000000e0780000)
  object space 82944K, 26% used [0x00000000a1600000,0x00000000a2bcafd8,0x00000000a6700000)
 Metaspace       used 63310K, capacity 66912K, committed 67160K, reserved 1107968K
  class space    used 8355K, capacity 8973K, committed 9088K, reserved 1048576K
Event: 2036.960 GC heap after
Heap after GC invocations=19 (full 5):
 PSYoungGen      total 322048K, used 5728K [0x00000000e0780000, 0x00000000f5100000, 0x0000000100000000)
  eden space 307712K, 0% used [0x00000000e0780000,0x00000000e0780000,0x00000000f3400000)
  from space 14336K, 39% used [0x00000000f4300000,0x00000000f48983f0,0x00000000f5100000)
  to   space 14848K, 0% used [0x00000000f3400000,0x00000000f3400000,0x00000000f4280000)
 ParOldGen       total 82944K, used 22323K [0x00000000a1600000, 0x00000000a6700000, 0x00000000e0780000)
  object space 82944K, 26% used [0x00000000a1600000,0x00000000a2bccfd8,0x00000000a6700000)
 Metaspace       used 63310K, capacity 66912K, committed 67160K, reserved 1107968K
  class space    used 8355K, capacity 8973K, committed 9088K, reserved 1048576K
}
Event: 2036.960 GC heap before
{Heap before GC invocations=20 (full 6):
 PSYoungGen      total 322048K, used 5728K [0x00000000e0780000, 0x00000000f5100000, 0x0000000100000000)
  eden space 307712K, 0% used [0x00000000e0780000,0x00000000e0780000,0x00000000f3400000)
  from space 14336K, 39% used [0x00000000f4300000,0x00000000f48983f0,0x00000000f5100000)
  to   space 14848K, 0% used [0x00000000f3400000,0x00000000f3400000,0x00000000f4280000)
 ParOldGen       total 82944K, used 22323K [0x00000000a1600000, 0x00000000a6700000, 0x00000000e0780000)
  object space 82944K, 26% used [0x00000000a1600000,0x00000000a2bccfd8,0x00000000a6700000)
 Metaspace       used 63310K, capacity 66912K, committed 67160K, reserved 1107968K
  class space    used 8355K, capacity 8973K, committed 9088K, reserved 1048576K
Event: 2037.565 GC heap after
Heap after GC invocations=20 (full 6):
 PSYoungGen      total 322048K, used 0K [0x00000000e0780000, 0x00000000f5100000, 0x0000000100000000)
  eden space 307712K, 0% used [0x00000000e0780000,0x00000000e0780000,0x00000000f3400000)
  from space 14336K, 0% used [0x00000000f4300000,0x00000000f4300000,0x00000000f5100000)
  to   space 14848K, 0% used [0x00000000f3400000,0x00000000f3400000,0x00000000f4280000)
 ParOldGen       total 82944K, used 21041K [0x00000000a1600000, 0x00000000a6700000, 0x00000000e0780000)
  object space 82944K, 25% used [0x00000000a1600000,0x00000000a2a8c7d8,0x00000000a6700000)
 Metaspace       used 63222K, capacity 66770K, committed 67160K, reserved 1107968K
  class space    used 8339K, capacity 8943K, committed 9088K, reserved 1048576K
}

